[0318/002157.810:WARNING:gpu_process_host.cc(1230)] The GPU process has crashed 1 time(s)
[0320/215437.097:WARNING:gpu_process_host.cc(1230)] The GPU process has crashed 1 time(s)
[0323/212550.541:ERROR:audio_rtp_receiver.cc(89)] AudioRtpReceiver::OnSetVolume: No audio channel exists.
[0323/212550.541:WARNING:used_ids.h(55)] Duplicate id found. Reassigning from 104 to 127
[0323/212550.541:WARNING:used_ids.h(55)] Duplicate id found. Reassigning from 102 to 125
[0323/212550.541:WARNING:used_ids.h(55)] Duplicate id found. Reassigning from 104 to 124
[0323/212550.541:WARNING:used_ids.h(55)] Duplicate id found. Reassigning from 106 to 123
[0323/212550.541:WARNING:used_ids.h(55)] Duplicate id found. Reassigning from 103 to 122
[0323/212550.541:WARNING:used_ids.h(55)] Duplicate id found. Reassigning from 105 to 121
[0323/212550.541:WARNING:used_ids.h(55)] Duplicate id found. Reassigning from 109 to 120
[0323/212550.543:WARNING:used_ids.h(55)] Duplicate id found. Reassigning from 1 to 14
[0323/212550.543:WARNING:used_ids.h(55)] Duplicate id found. Reassigning from 3 to 13
[0323/212550.543:WARNING:used_ids.h(55)] Duplicate id found. Reassigning from 5 to 12
[0323/212550.543:WARNING:used_ids.h(55)] Duplicate id found. Reassigning from 6 to 11
[0323/212555.458:ERROR:batching_media_log.cc(38)] MediaEvent: {"error":"FFmpegDemuxer: no supported streams"}
[0323/212555.458:ERROR:batching_media_log.cc(35)] MediaEvent: {"pipeline_error":14}
[0323/212555.492:ERROR:batching_media_log.cc(38)] MediaEvent: {"error":"FFmpegDemuxer: no supported streams"}
[0323/212555.492:ERROR:batching_media_log.cc(35)] MediaEvent: {"pipeline_error":14}
[0420/170524.339:WARNING:backend_impl.cc(1813)] Destroying invalid entry.
[0420/170524.482:ERROR:backend_impl.cc(1041)] Critical error found -8
[0420/170524.591:WARNING:storage_block-inl.h(146)] Failed data load.
[0420/170524.592:WARNING:storage_block-inl.h(146)] Failed data load.
[0420/170524.592:WARNING:storage_block-inl.h(146)] Failed data load.
[0420/170524.592:WARNING:storage_block-inl.h(146)] Failed data load.
[0420/170524.595:WARNING:storage_block-inl.h(146)] Failed data load.
[0420/170524.596:ERROR:entry_impl.cc(998)] Failed to save user data
[0420/170524.596:ERROR:entry_impl.cc(998)] Failed to save user data
[0420/215259.939:WARNING:dns_config_service_win.cc(700)] Failed to read DnsConfig.
[0420/215259.947:WARNING:dns_config_service_win.cc(700)] Failed to read DnsConfig.
[0421/005302.189:WARNING:dns_config_service_win.cc(700)] Failed to read DnsConfig.
[0421/005302.198:WARNING:dns_config_service_win.cc(700)] Failed to read DnsConfig.
[0421/005310.173:WARNING:dns_config_service_win.cc(700)] Failed to read DnsConfig.
[0421/005310.176:WARNING:dns_config_service_win.cc(700)] Failed to read DnsConfig.
[0422/174542.662:WARNING:dns_config_service_win.cc(700)] Failed to read DnsConfig.
[0422/174547.013:WARNING:dns_config_service_win.cc(700)] Failed to read DnsConfig.
[0422/174547.675:WARNING:dns_config_service_win.cc(700)] Failed to read DnsConfig.
[0618/214543.771:ERROR:backend_impl.cc(1041)] Critical error found -8
[0618/214543.772:WARNING:storage_block-inl.h(146)] Failed data load.
[0618/214543.772:WARNING:storage_block-inl.h(146)] Failed data load.
[0618/214543.772:WARNING:storage_block-inl.h(146)] Failed data load.
[0618/214543.772:WARNING:storage_block-inl.h(146)] Failed data load.
[0618/214543.772:ERROR:entry_impl.cc(1076)] No file for c1030290
[0618/214543.773:WARNING:storage_block-inl.h(146)] Failed data load.
[0619/065703.091:WARNING:gpu_process_host.cc(1230)] The GPU process has crashed 1 time(s)
